<?xml version="1.0" encoding="UTF-8"?>
<!-- Generated by org.testng.reporters.JUnitReportReporter -->
<testsuite hostname="DESKTOP-03KKCFP" failures="0" tests="1" name="javaStreams.CountNameOnSpecificChar" time="0.012" errors="0" timestamp="2023-10-04T22:26:07 IST" skipped="0">
  <testcase classname="javaStreams.CountNameOnSpecificChar" name="mw" time="0.012"/>
</testsuite> <!-- javaStreams.CountNameOnSpecificChar -->
