<?xml version="1.0" encoding="UTF-8"?>
<!-- Generated by org.testng.reporters.JUnitReportReporter -->
<testsuite hostname="DESKTOP-03KKCFP" failures="0" tests="1" name="testNG_listeners.C" time="0.010" errors="0" timestamp="2023-10-15T17:48:14 IST" skipped="0">
  <testcase classname="testNG_listeners.C" name="g" time="0.010"/>
</testsuite> <!-- testNG_listeners.C -->
