<?xml version="1.0" encoding="UTF-8"?>
<!-- Generated by org.testng.reporters.JUnitReportReporter -->
<testsuite hostname="DESKTOP-03KKCFP" failures="0" tests="1" name="WorkingWithTestNG.BasicWoorkingOfTestNg2" time="0.002" errors="0" timestamp="2023-10-12T22:36:10 IST" skipped="0">
  <testcase classname="WorkingWithTestNG.BasicWoorkingOfTestNg2" name="Tc003" time="0.002"/>
</testsuite> <!-- WorkingWithTestNG.BasicWoorkingOfTestNg2 -->
