<?xml version="1.0" encoding="UTF-8"?>
<!-- Generated by org.testng.reporters.JUnitReportReporter -->
<testsuite hostname="DESKTOP-03KKCFP" failures="0" tests="2" name="tesNg_DataProviderConcept.HowtoParameterizeUsingDataproviderAnnoation" time="0.012" errors="0" timestamp="2023-10-14T21:20:06 IST" skipped="0">
  <testcase classname="tesNg_DataProviderConcept.HowtoParameterizeUsingDataproviderAnnoation" name="implementingMethod" time="0.010"/>
  <testcase classname="tesNg_DataProviderConcept.HowtoParameterizeUsingDataproviderAnnoation" name="implementingMethod" time="0.002"/>
</testsuite> <!-- tesNg_DataProviderConcept.HowtoParameterizeUsingDataproviderAnnoation -->
