<?xml version="1.0" encoding="UTF-8"?>
<!-- Generated by org.testng.reporters.JUnitReportReporter -->
<testsuite hostname="DESKTOP-03KKCFP" failures="0" tests="2" name="miscellaneousTopicFromCourse.ModifyingtheStramfilterusingmap" time="0.014" errors="0" timestamp="2023-10-04T22:56:35 IST" skipped="0">
  <testcase classname="miscellaneousTopicFromCourse.ModifyingtheStramfilterusingmap" name="convertingArrayAndPerformanig" time="0.004"/>
  <testcase classname="miscellaneousTopicFromCourse.ModifyingtheStramfilterusingmap" name="UsingMap" time="0.010"/>
</testsuite> <!-- miscellaneousTopicFromCourse.ModifyingtheStramfilterusingmap -->
