<?xml version="1.0" encoding="UTF-8"?>
<!-- Generated by org.testng.reporters.JUnitReportReporter -->
<testsuite hostname="DESKTOP-03KKCFP" failures="0" tests="3" name="WorkingWithTestNGMod2.SecondMduleTC01" time="0.019" errors="0" timestamp="2023-10-12T22:38:11 IST" skipped="0">
  <testcase classname="WorkingWithTestNGMod2.SecondMduleTC01" name="m2Tco01" time="0.015"/>
  <testcase classname="WorkingWithTestNGMod2.SecondMduleTC01" name="m2tco03" time="0.002"/>
  <testcase classname="WorkingWithTestNGMod2.SecondMduleTC01" name="m2Tco02" time="0.002"/>
</testsuite> <!-- WorkingWithTestNGMod2.SecondMduleTC01 -->
