<?xml version="1.0" encoding="UTF-8"?>
<!-- Generated by org.testng.reporters.JUnitReportReporter -->
<testsuite hostname="DESKTOP-03KKCFP" failures="0" tests="1" name="WorkingWithTestNGMod2.ExcludethemethodsInsingleclass" time="0.001" errors="0" timestamp="2023-10-12T22:36:10 IST" skipped="0">
  <testcase classname="WorkingWithTestNGMod2.ExcludethemethodsInsingleclass" name="ApiLogin" time="0.001"/>
</testsuite> <!-- WorkingWithTestNGMod2.ExcludethemethodsInsingleclass -->
