<?xml version="1.0" encoding="UTF-8"?>
<!-- Generated by org.testng.reporters.JUnitReportReporter -->
<testsuite hostname="DESKTOP-03KKCFP" failures="0" tests="3" name="WorkingWithTestNGMod2.WorkingWithDependsonAnnoation" time="0.019" errors="0" timestamp="2023-10-14T17:37:18 IST" skipped="0">
  <testcase classname="WorkingWithTestNGMod2.WorkingWithDependsonAnnoation" name="login" time="0.002"/>
  <testcase classname="WorkingWithTestNGMod2.WorkingWithDependsonAnnoation" name="password" time="0.015"/>
  <testcase classname="WorkingWithTestNGMod2.WorkingWithDependsonAnnoation" name="zserName" time="0.002"/>
</testsuite> <!-- WorkingWithTestNGMod2.WorkingWithDependsonAnnoation -->
