<?xml version="1.0" encoding="UTF-8"?>
<!-- Generated by org.testng.reporters.JUnitReportReporter -->
<testsuite hostname="DESKTOP-03KKCFP" failures="0" tests="1" name="miscellaneousTopicFromCourse.PrintingTheuniqueDataUsingStream" time="0.010" errors="0" timestamp="2023-10-05T22:38:20 IST" skipped="0">
  <testcase classname="miscellaneousTopicFromCourse.PrintingTheuniqueDataUsingStream" name="usingDistinct" time="0.010"/>
</testsuite> <!-- miscellaneousTopicFromCourse.PrintingTheuniqueDataUsingStream -->
