<?xml version="1.0" encoding="UTF-8"?>
<!-- Generated by org.testng.reporters.JUnitReportReporter -->
<testsuite hostname="DESKTOP-03KKCFP" failures="0" tests="2" name="testNgParameterizationInXML.Parameterization" time="0.017" errors="0" timestamp="2023-10-14T19:00:25 IST" skipped="0">
  <testcase classname="testNgParameterizationInXML.Parameterization" name="loan" time="0.003"/>
  <testcase classname="testNgParameterizationInXML.Parameterization" name="goldLoan" time="0.014"/>
</testsuite> <!-- testNgParameterizationInXML.Parameterization -->
