<?xml version="1.0" encoding="UTF-8"?>
<!-- Generated by org.testng.reporters.JUnitReportReporter -->
<testsuite hostname="DESKTOP-03KKCFP" failures="0" tests="1" name="com.frameworkDesign.Extenteports.RevisionOnExtentReports" time="4.555" errors="0" timestamp="2023-11-30T21:05:08 IST" skipped="0">
  <testcase classname="com.frameworkDesign.Extenteports.RevisionOnExtentReports" name="login" time="4.555"/>
</testsuite> <!-- com.frameworkDesign.Extenteports.RevisionOnExtentReports -->
