<?xml version="1.0" encoding="UTF-8"?>
<!-- Generated by org.testng.reporters.JUnitReportReporter -->
<testsuite hostname="DESKTOP-03KKCFP" failures="0" tests="1" name="demonstatingGroups.Home" time="0.009" errors="0" timestamp="2023-10-12T22:57:29 IST" skipped="0">
  <testcase classname="demonstatingGroups.Home" name="TC100" time="0.009"/>
</testsuite> <!-- demonstatingGroups.Home -->
