<?xml version="1.0" encoding="UTF-8"?>
<!-- Generated by org.testng.reporters.JUnitReportReporter -->
<testsuite hostname="DESKTOP-03KKCFP" failures="0" tests="2" name="com.frameworkDesign.SeleniumFrameWorkDesign.ErrorValidation" time="7.503" errors="0" timestamp="2023-12-12T21:03:54 IST" skipped="0">
  <testcase classname="com.frameworkDesign.SeleniumFrameWorkDesign.ErrorValidation" name="addProductt" time="4.147"/>
  <testcase classname="com.frameworkDesign.SeleniumFrameWorkDesign.ErrorValidation" name="addProductt" time="3.356"/>
</testsuite> <!-- com.frameworkDesign.SeleniumFrameWorkDesign.ErrorValidation -->
