<?xml version="1.0" encoding="UTF-8"?>
<!-- Generated by org.testng.reporters.JUnitReportReporter -->
<testsuite hostname="DESKTOP-03KKCFP" failures="0" tests="1" name="miscellaneousTopicFromCourse.ConcatingUsingStream" time="0.017" errors="0" timestamp="2023-10-05T21:46:52 IST" skipped="0">
  <testcase classname="miscellaneousTopicFromCourse.ConcatingUsingStream" name="concat" time="0.017"/>
</testsuite> <!-- miscellaneousTopicFromCourse.ConcatingUsingStream -->
