<?xml version="1.0" encoding="UTF-8"?>
<!-- Generated by org.testng.reporters.JUnitReportReporter -->
<testsuite hostname="DESKTOP-03KKCFP" failures="0" tests="1" name="miscellaneousTopicFromCourse.StoringthereturnedvalueInlistBycreatingIt" time="0.013" errors="0" timestamp="2023-10-05T22:21:36 IST" skipped="0">
  <testcase classname="miscellaneousTopicFromCourse.StoringthereturnedvalueInlistBycreatingIt" name="usingCollector" time="0.013"/>
</testsuite> <!-- miscellaneousTopicFromCourse.StoringthereturnedvalueInlistBycreatingIt -->
