<?xml version="1.0" encoding="UTF-8"?>
<!-- Generated by org.testng.reporters.JUnitReportReporter -->
<testsuite hostname="DESKTOP-03KKCFP" failures="0" tests="2" name="WorkingWithTestNG.BasicWorkingOfTestNg" time="0.011" errors="0" timestamp="2023-10-12T22:36:10 IST" skipped="0">
  <testcase classname="WorkingWithTestNG.BasicWorkingOfTestNg" name="Tc001" time="0.008"/>
  <testcase classname="WorkingWithTestNG.BasicWorkingOfTestNg" name="Tc002" time="0.003"/>
</testsuite> <!-- WorkingWithTestNG.BasicWorkingOfTestNg -->
