<?xml version="1.0" encoding="UTF-8"?>
<!-- Generated by org.testng.reporters.JUnitReportReporter -->
<testsuite hostname="DESKTOP-03KKCFP" failures="0" tests="2" name="demonstatingGroups.Login" time="0.001" errors="0" timestamp="2023-10-12T22:57:29 IST" skipped="0">
  <testcase classname="demonstatingGroups.Login" name="ATC02" time="0.000"/>
  <testcase classname="demonstatingGroups.Login" name="LTC01" time="0.001"/>
</testsuite> <!-- demonstatingGroups.Login -->
