<?xml version="1.0" encoding="UTF-8"?>
<!-- Generated by org.testng.reporters.JUnitReportReporter -->
<testsuite hostname="DESKTOP-03KKCFP" failures="0" tests="1" name="WorkingWithJsonData.ReadingTheDatasUsingJson" time="0.008" errors="0" timestamp="2023-11-28T21:32:53 IST" skipped="0">
  <testcase classname="WorkingWithJsonData.ReadingTheDatasUsingJson" name="readingtheJsonThroughDataProvider" time="0.008"/>
</testsuite> <!-- WorkingWithJsonData.ReadingTheDatasUsingJson -->
