<?xml version="1.0" encoding="UTF-8"?>
<!-- Generated by org.testng.reporters.JUnitReportReporter -->
<testsuite hostname="DESKTOP-03KKCFP" failures="0" tests="2" name="miscellaneousTopicFromCourse.aodifyingtheStramfilterusingmap" time="0.013" errors="0" timestamp="2023-10-04T22:53:32 IST" skipped="0">
  <testcase classname="miscellaneousTopicFromCourse.aodifyingtheStramfilterusingmap" name="usingMap" time="0.003"/>
  <testcase classname="miscellaneousTopicFromCourse.aodifyingtheStramfilterusingmap" name="convertingArrayAndPerformanig" time="0.010"/>
</testsuite> <!-- miscellaneousTopicFromCourse.aodifyingtheStramfilterusingmap -->
