<?xml version="1.0" encoding="UTF-8"?>
<!-- Generated by org.testng.reporters.JUnitReportReporter -->
<testsuite hostname="DESKTOP-03KKCFP" failures="0" tests="2" name="com.frameworkDesign.SeleniumFrameWorkDesign.ErrorValidation" time="10.523" errors="0" timestamp="2023-12-13T22:31:18 IST" skipped="0">
  <testcase classname="com.frameworkDesign.SeleniumFrameWorkDesign.ErrorValidation" name="addProductt" time="5.617"/>
  <testcase classname="com.frameworkDesign.SeleniumFrameWorkDesign.ErrorValidation" name="addProductt" time="4.906"/>
</testsuite> <!-- com.frameworkDesign.SeleniumFrameWorkDesign.ErrorValidation -->
