<?xml version="1.0" encoding="UTF-8"?>
<!-- Generated by org.testng.reporters.JUnitReportReporter -->
<testsuite hostname="DESKTOP-03KKCFP" failures="0" tests="1" name="com.frameworkDesign.Extenteports.DemoOnExtentReports" time="4.786" errors="0" timestamp="2023-12-10T16:20:30 IST" skipped="0">
  <testcase classname="com.frameworkDesign.Extenteports.DemoOnExtentReports" name="Tc001" time="4.786"/>
</testsuite> <!-- com.frameworkDesign.Extenteports.DemoOnExtentReports -->
